<?xml version="1.0" encoding="UTF-8"?>
<testsuite name="com.restaurant.kitchen.KitchenSimulatorTest" tests="2" skipped="0" failures="0" errors="0" timestamp="2026-02-10T08:56:30" hostname="LN4DBN0D9DA846" time="2.844">
  <properties/>
  <testcase name="deadlockMode_canDeadlock()" classname="com.restaurant.kitchen.KitchenSimulatorTest" time="2.119"/>
  <testcase name="safeMode_completesOrders()" classname="com.restaurant.kitchen.KitchenSimulatorTest" time="0.724"/>
  <system-out><![CDATA[14:26:31.260 [Test worker    ] INFO  KitchenSimulator               - ========================================
  RESTAURANT KITCHEN SIMULATOR
  Mode  : DEADLOCK
  Chefs : 2
========================================
14:26:31.289 [Test worker    ] INFO  KitchenSimulator               - WARNING: Deadlock mode enabled!
-> Even chefs grab STOVE first, then BLENDER
-> Odd chefs grab BLENDER first, then STOVE
-> This WILL cause a deadlock!
14:26:31.290 [Test worker    ] INFO  KitchenSimulator               -  ========================================");
 Opening the kitchen doors...
========================================
14:26:31.298 [Test worker    ] INFO  KitchenSimulator               - Kitchen is OPEN! 2 chefs are cooking!
14:26:31.298 [pool-2-thread-1] INFO  Chef                           - [Chef Gordon] Reporting for duty! Ready to cook.
14:26:31.298 [pool-2-thread-2] INFO  Chef                           - [Chef Julia] Reporting for duty! Ready to cook.
14:26:31.299 [pool-2-thread-1] INFO  Chef                           - [Chef Gordon] New order received: Caesar Salad. Heading to the kitchen...
14:26:31.299 [pool-2-thread-2] INFO  Chef                           - [Chef Julia] New order received: Grilled Salmon. Heading to the kitchen...
14:26:31.301 [pool-2-thread-1] INFO  Chef                           - [Chef Gordon] Walking towards the STOVE to start cooking Caesar Salad...
14:26:31.301 [pool-2-thread-2] INFO  Chef                           - [Chef Julia] Walking towards the BLENDER to prep Grilled Salmon...
14:26:31.301 [pool-2-thread-1] INFO  Chef                           - [Chef Gordon] Got the STOVE! Now I need the BLENDER for Caesar Salad...
14:26:31.302 [pool-2-thread-2] INFO  Chef                           - [Chef Julia] Got the BLENDER! Now I need the STOVE for Grilled Salmon...
14:26:32.320 [pool-2-thread-2] INFO  Chef                           - [Chef Julia] Released STOVE and BLENDER. Ready for next order!
14:26:32.320 [pool-2-thread-1] INFO  Chef                           - [Chef Gordon] Released STOVE and BLENDER. Ready for next order!
14:26:32.321 [pool-2-thread-2] INFO  Chef                           - [Chef Julia] Clocking out for the day. Goodbye!
14:26:32.321 [pool-2-thread-1] INFO  Chef                           - [Chef Gordon] Clocking out for the day. Goodbye!
14:26:32.323 [Test worker    ] INFO  KitchenSimulator               -     ========================================
    KITCHEN CLOSED
    Total orders served : 0
========================================
14:26:32.343 [Test worker    ] INFO  KitchenSimulator               - ========================================
  RESTAURANT KITCHEN SIMULATOR
  Mode  : SAFE
  Chefs : 2
========================================
14:26:32.344 [Test worker    ] INFO  KitchenSimulator               - Safe mode enabled.
-> All chefs follow the same lock order: STOVE -> BLENDER");
-> No deadlock possible.
14:26:32.345 [Test worker    ] INFO  KitchenSimulator               -  ========================================");
 Opening the kitchen doors...
========================================
14:26:32.347 [Test worker    ] INFO  KitchenSimulator               - Kitchen is OPEN! 2 chefs are cooking!
14:26:32.347 [pool-3-thread-1] INFO  Chef                           - [Chef Gordon] Reporting for duty! Ready to cook.
14:26:32.347 [pool-3-thread-2] INFO  Chef                           - [Chef Julia] Reporting for duty! Ready to cook.
14:26:32.348 [pool-3-thread-1] INFO  Chef                           - [Chef Gordon] New order received: Grilled Salmon. Heading to the kitchen...
14:26:32.348 [pool-3-thread-2] INFO  Chef                           - [Chef Julia] New order received: Spaghetti Carbonara. Heading to the kitchen...
14:26:32.349 [pool-3-thread-1] INFO  Chef                           - [Chef Gordon] Walking towards the STOVE first (safe protocol)...
14:26:32.349 [pool-3-thread-2] INFO  Chef                           - [Chef Julia] Walking towards the STOVE first (safe protocol)...
14:26:32.349 [pool-3-thread-2] INFO  Chef                           - [Chef Julia] Got the STOVE! Now grabbing the BLENDER...
14:26:32.350 [pool-3-thread-2] INFO  Chef                           - [Chef Julia] Got the BLENDER! Cooking Spaghetti Carbonara now!
14:26:32.463 [pool-3-thread-2] INFO  Chef                           - [Chef Julia] Ding ding! Spaghetti Carbonara is READY! (Orders served today: 1)
14:26:32.464 [pool-3-thread-2] INFO  Chef                           - [Chef Julia] Released STOVE and BLENDER. Ready for next order!
14:26:32.464 [pool-3-thread-1] INFO  Chef                           - [Chef Gordon] Got the STOVE! Now grabbing the BLENDER...
14:26:32.465 [pool-3-thread-2] INFO  Chef                           - [Chef Julia] New order received: Pad Thai. Heading to the kitchen...
14:26:32.465 [pool-3-thread-1] INFO  Chef                           - [Chef Gordon] Got the BLENDER! Cooking Grilled Salmon now!
14:26:32.465 [pool-3-thread-2] INFO  Chef                           - [Chef Julia] Walking towards the STOVE first (safe protocol)...
14:26:32.586 [pool-3-thread-1] INFO  Chef                           - [Chef Gordon] Ding ding! Grilled Salmon is READY! (Orders served today: 2)
14:26:32.586 [pool-3-thread-1] INFO  Chef                           - [Chef Gordon] Released STOVE and BLENDER. Ready for next order!
14:26:32.586 [pool-3-thread-2] INFO  Chef                           - [Chef Julia] Got the STOVE! Now grabbing the BLENDER...
14:26:32.587 [pool-3-thread-2] INFO  Chef                           - [Chef Julia] Got the BLENDER! Cooking Pad Thai now!
14:26:32.586 [pool-3-thread-1] INFO  Chef                           - [Chef Gordon] New order received: Grilled Salmon. Heading to the kitchen...
14:26:32.587 [pool-3-thread-1] INFO  Chef                           - [Chef Gordon] Walking towards the STOVE first (safe protocol)...
14:26:32.711 [pool-3-thread-2] INFO  Chef                           - [Chef Julia] Ding ding! Pad Thai is READY! (Orders served today: 3)
14:26:32.711 [pool-3-thread-2] INFO  Chef                           - [Chef Julia] Released STOVE and BLENDER. Ready for next order!
14:26:32.711 [pool-3-thread-1] INFO  Chef                           - [Chef Gordon] Got the STOVE! Now grabbing the BLENDER...
14:26:32.711 [pool-3-thread-2] INFO  Chef                           - [Chef Julia] New order received: Grilled Salmon. Heading to the kitchen...
14:26:32.711 [pool-3-thread-1] INFO  Chef                           - [Chef Gordon] Got the BLENDER! Cooking Grilled Salmon now!
14:26:32.711 [pool-3-thread-2] INFO  Chef                           - [Chef Julia] Walking towards the STOVE first (safe protocol)...
14:26:32.837 [pool-3-thread-1] INFO  Chef                           - [Chef Gordon] Ding ding! Grilled Salmon is READY! (Orders served today: 4)
14:26:32.837 [pool-3-thread-1] INFO  Chef                           - [Chef Gordon] Released STOVE and BLENDER. Ready for next order!
14:26:32.838 [pool-3-thread-1] INFO  Chef                           - [Chef Gordon] New order received: Spaghetti Carbonara. Heading to the kitchen...
14:26:32.837 [pool-3-thread-2] INFO  Chef                           - [Chef Julia] Got the STOVE! Now grabbing the BLENDER...
14:26:32.838 [pool-3-thread-1] INFO  Chef                           - [Chef Gordon] Walking towards the STOVE first (safe protocol)...
14:26:32.838 [pool-3-thread-2] INFO  Chef                           - [Chef Julia] Got the BLENDER! Cooking Grilled Salmon now!
14:26:32.961 [pool-3-thread-2] INFO  Chef                           - [Chef Julia] Ding ding! Grilled Salmon is READY! (Orders served today: 5)
14:26:32.962 [pool-3-thread-2] INFO  Chef                           - [Chef Julia] Released STOVE and BLENDER. Ready for next order!
14:26:32.962 [pool-3-thread-1] INFO  Chef                           - [Chef Gordon] Got the STOVE! Now grabbing the BLENDER...
14:26:32.962 [pool-3-thread-2] INFO  Chef                           - [Chef Julia] New order received: Chocolate Lava Cake. Heading to the kitchen...
14:26:32.962 [pool-3-thread-1] INFO  Chef                           - [Chef Gordon] Got the BLENDER! Cooking Spaghetti Carbonara now!
14:26:32.962 [pool-3-thread-2] INFO  Chef                           - [Chef Julia] Walking towards the STOVE first (safe protocol)...
14:26:33.062 [pool-3-thread-2] INFO  Chef                           - [Chef Julia] Clocking out for the day. Goodbye!
14:26:33.063 [pool-3-thread-1] INFO  Chef                           - [Chef Gordon] Released STOVE and BLENDER. Ready for next order!
14:26:33.064 [pool-3-thread-1] INFO  Chef                           - [Chef Gordon] Clocking out for the day. Goodbye!
14:26:33.065 [Test worker    ] INFO  KitchenSimulator               -     ========================================
    KITCHEN CLOSED
    Total orders served : 5
========================================
]]></system-out>
  <system-err><![CDATA[]]></system-err>
</testsuite>
