<?xml version="1.0" encoding="UTF-8"?>
<testsuite name="com.restaurant.kitchen.KitchenSimulatorTest" tests="2" skipped="0" failures="0" errors="0" timestamp="2026-02-12T05:57:05" hostname="LN4DBN0D9DA846" time="2.612">
  <properties/>
  <testcase name="deadlockMode_canDeadlock" classname="com.restaurant.kitchen.KitchenSimulatorTest" time="1.891"/>
  <testcase name="safeMode_completesOrders" classname="com.restaurant.kitchen.KitchenSimulatorTest" time="0.721"/>
  <system-out><![CDATA[11:27:06.677 [Time-limited test] INFO  KitchenSimulator               - ========================================
11:27:06.688 [Time-limited test] INFO  KitchenSimulator               -   RESTAURANT KITCHEN SIMULATOR
11:27:06.688 [Time-limited test] INFO  KitchenSimulator               -   Mode  : DEADLOCK
11:27:06.688 [Time-limited test] INFO  KitchenSimulator               -   Chefs : 4
11:27:06.688 [Time-limited test] INFO  KitchenSimulator               - ========================================
11:27:06.688 [Time-limited test] INFO  KitchenSimulator               - WARNING: Deadlock mode enabled!
11:27:06.688 [Time-limited test] INFO  KitchenSimulator               -   -> Even chefs grab STOVE first, then BLENDER
11:27:06.688 [Time-limited test] INFO  KitchenSimulator               -   -> Odd chefs grab BLENDER first, then STOVE
11:27:06.688 [Time-limited test] INFO  KitchenSimulator               -   -> This WILL cause a deadlock!
11:27:06.688 [Time-limited test] INFO  KitchenSimulator               - ========================================
11:27:06.688 [Time-limited test] INFO  KitchenSimulator               -   Opening the kitchen doors...
11:27:06.688 [Time-limited test] INFO  KitchenSimulator               - ========================================
11:27:06.695 [pool-2-thread-1] INFO  Chef                           - [Chef Gordon] Reporting for duty! Ready to cook.
11:27:06.696 [Time-limited test] INFO  KitchenSimulator               - Kitchen is OPEN! 4 chefs are cooking!
11:27:06.696 [pool-2-thread-2] INFO  Chef                           - [Chef Julia] Reporting for duty! Ready to cook.
11:27:06.696 [pool-2-thread-3] INFO  Chef                           - [Chef Marco] Reporting for duty! Ready to cook.
11:27:06.697 [pool-2-thread-3] INFO  Chef                           - [Chef Marco] New order received: Chocolate Lava Cake. Heading to the kitchen...
11:27:06.697 [pool-2-thread-2] INFO  Chef                           - [Chef Julia] New order received: Beef Wellington. Heading to the kitchen...
11:27:06.697 [pool-2-thread-4] INFO  Chef                           - [Chef Heston] Reporting for duty! Ready to cook.
11:27:06.697 [pool-2-thread-2] INFO  Chef                           - [Chef Julia] Walking towards the BLENDER to prep Beef Wellington...
11:27:06.697 [pool-2-thread-4] INFO  Chef                           - [Chef Heston] New order received: Pad Thai. Heading to the kitchen...
11:27:06.697 [pool-2-thread-2] INFO  Chef                           - [Chef Julia] Got the BLENDER! Now I need the STOVE for Beef Wellington...
11:27:06.697 [pool-2-thread-4] INFO  Chef                           - [Chef Heston] Walking towards the BLENDER to prep Pad Thai...
11:27:06.697 [pool-2-thread-2] INFO  Chef                           - [Chef Julia] Got the STOVE too! Making Beef Wellington now!
11:27:06.697 [pool-2-thread-3] INFO  Chef                           - [Chef Marco] Walking towards the STOVE to start cooking Chocolate Lava Cake...
11:27:06.697 [pool-2-thread-1] INFO  Chef                           - [Chef Gordon] New order received: Chocolate Lava Cake. Heading to the kitchen...
11:27:06.698 [pool-2-thread-1] INFO  Chef                           - [Chef Gordon] Walking towards the STOVE to start cooking Chocolate Lava Cake...
11:27:06.821 [pool-2-thread-2] INFO  Chef                           - [Chef Julia] Ding ding! Beef Wellington is READY! (Orders served today: 1)
11:27:06.821 [pool-2-thread-3] INFO  Chef                           - [Chef Marco] Got the STOVE! Now I need the BLENDER for Chocolate Lava Cake...
11:27:06.821 [pool-2-thread-4] INFO  Chef                           - [Chef Heston] Got the BLENDER! Now I need the STOVE for Pad Thai...
11:27:06.821 [pool-2-thread-2] INFO  Chef                           - [Chef Julia] Released STOVE and BLENDER. Ready for next order!
11:27:06.822 [pool-2-thread-2] INFO  Chef                           - [Chef Julia] New order received: Chocolate Lava Cake. Heading to the kitchen...
11:27:06.822 [pool-2-thread-2] INFO  Chef                           - [Chef Julia] Walking towards the BLENDER to prep Chocolate Lava Cake...
11:27:07.701 [pool-2-thread-1] INFO  Chef                           - [Chef Gordon] Clocking out for the day. Goodbye!
11:27:07.701 [pool-2-thread-2] INFO  Chef                           - [Chef Julia] Clocking out for the day. Goodbye!
11:27:07.701 [pool-2-thread-3] INFO  Chef                           - [Chef Marco] Released STOVE and BLENDER. Ready for next order!
11:27:07.701 [pool-2-thread-3] INFO  Chef                           - [Chef Marco] Clocking out for the day. Goodbye!
11:27:07.701 [pool-2-thread-4] INFO  Chef                           - [Chef Heston] Released STOVE and BLENDER. Ready for next order!
11:27:07.701 [pool-2-thread-4] INFO  Chef                           - [Chef Heston] Clocking out for the day. Goodbye!
11:27:07.701 [Test worker    ] INFO  KitchenSimulator               - ========================================
11:27:07.701 [Test worker    ] INFO  KitchenSimulator               -   KITCHEN CLOSED
11:27:07.701 [Test worker    ] INFO  KitchenSimulator               -   Total orders served : 1
11:27:07.701 [Test worker    ] INFO  KitchenSimulator               - ========================================
11:27:07.701 [Time-limited test] INFO  KitchenSimulator               - ========================================
11:27:07.701 [Time-limited test] INFO  KitchenSimulator               -   RESTAURANT KITCHEN SIMULATOR
11:27:07.701 [Time-limited test] INFO  KitchenSimulator               -   Mode  : SAFE
11:27:07.701 [Time-limited test] INFO  KitchenSimulator               -   Chefs : 4
11:27:07.701 [Time-limited test] INFO  KitchenSimulator               - ========================================
11:27:07.701 [Time-limited test] INFO  KitchenSimulator               - Safe mode enabled.
11:27:07.701 [Time-limited test] INFO  KitchenSimulator               -   -> All chefs follow the same lock order: STOVE -> BLENDER
11:27:07.701 [Time-limited test] INFO  KitchenSimulator               -   -> No deadlock possible.
11:27:07.701 [Time-limited test] INFO  KitchenSimulator               - ========================================
11:27:07.701 [Time-limited test] INFO  KitchenSimulator               -   Opening the kitchen doors...
11:27:07.701 [Time-limited test] INFO  KitchenSimulator               - ========================================
11:27:07.715 [pool-3-thread-1] INFO  Chef                           - [Chef Gordon] Reporting for duty! Ready to cook.
11:27:07.716 [pool-3-thread-2] INFO  Chef                           - [Chef Julia] Reporting for duty! Ready to cook.
11:27:07.716 [pool-3-thread-1] INFO  Chef                           - [Chef Gordon] New order received: Spaghetti Carbonara. Heading to the kitchen...
11:27:07.716 [Time-limited test] INFO  KitchenSimulator               - Kitchen is OPEN! 4 chefs are cooking!
11:27:07.716 [pool-3-thread-2] INFO  Chef                           - [Chef Julia] New order received: Caesar Salad. Heading to the kitchen...
11:27:07.716 [pool-3-thread-1] INFO  Chef                           - [Chef Gordon] Walking towards the STOVE first (safe protocol)...
11:27:07.716 [pool-3-thread-2] INFO  Chef                           - [Chef Julia] Walking towards the STOVE first (safe protocol)...
11:27:07.716 [pool-3-thread-1] INFO  Chef                           - [Chef Gordon] Got the STOVE! Now grabbing the BLENDER...
11:27:07.716 [pool-3-thread-1] INFO  Chef                           - [Chef Gordon] Got the BLENDER! Cooking Spaghetti Carbonara now!
11:27:07.716 [pool-3-thread-3] INFO  Chef                           - [Chef Marco] Reporting for duty! Ready to cook.
11:27:07.716 [pool-3-thread-4] INFO  Chef                           - [Chef Heston] Reporting for duty! Ready to cook.
11:27:07.716 [pool-3-thread-4] INFO  Chef                           - [Chef Heston] New order received: Pad Thai. Heading to the kitchen...
11:27:07.716 [pool-3-thread-3] INFO  Chef                           - [Chef Marco] New order received: Caesar Salad. Heading to the kitchen...
11:27:07.720 [pool-3-thread-3] INFO  Chef                           - [Chef Marco] Walking towards the STOVE first (safe protocol)...
11:27:07.720 [pool-3-thread-4] INFO  Chef                           - [Chef Heston] Walking towards the STOVE first (safe protocol)...
11:27:07.842 [pool-3-thread-1] INFO  Chef                           - [Chef Gordon] Ding ding! Spaghetti Carbonara is READY! (Orders served today: 1)
11:27:07.842 [pool-3-thread-1] INFO  Chef                           - [Chef Gordon] Released STOVE and BLENDER. Ready for next order!
11:27:07.843 [pool-3-thread-2] INFO  Chef                           - [Chef Julia] Got the STOVE! Now grabbing the BLENDER...
11:27:07.843 [pool-3-thread-1] INFO  Chef                           - [Chef Gordon] New order received: Caesar Salad. Heading to the kitchen...
11:27:07.843 [pool-3-thread-2] INFO  Chef                           - [Chef Julia] Got the BLENDER! Cooking Caesar Salad now!
11:27:07.843 [pool-3-thread-1] INFO  Chef                           - [Chef Gordon] Walking towards the STOVE first (safe protocol)...
11:27:07.970 [pool-3-thread-2] INFO  Chef                           - [Chef Julia] Ding ding! Caesar Salad is READY! (Orders served today: 2)
11:27:07.970 [pool-3-thread-2] INFO  Chef                           - [Chef Julia] Released STOVE and BLENDER. Ready for next order!
11:27:07.970 [pool-3-thread-3] INFO  Chef                           - [Chef Marco] Got the STOVE! Now grabbing the BLENDER...
11:27:07.970 [pool-3-thread-2] INFO  Chef                           - [Chef Julia] New order received: Chocolate Lava Cake. Heading to the kitchen...
11:27:07.970 [pool-3-thread-3] INFO  Chef                           - [Chef Marco] Got the BLENDER! Cooking Caesar Salad now!
11:27:07.970 [pool-3-thread-2] INFO  Chef                           - [Chef Julia] Walking towards the STOVE first (safe protocol)...
11:27:08.098 [pool-3-thread-3] INFO  Chef                           - [Chef Marco] Ding ding! Caesar Salad is READY! (Orders served today: 3)
11:27:08.099 [pool-3-thread-3] INFO  Chef                           - [Chef Marco] Released STOVE and BLENDER. Ready for next order!
11:27:08.099 [pool-3-thread-3] INFO  Chef                           - [Chef Marco] New order received: Beef Wellington. Heading to the kitchen...
11:27:08.099 [pool-3-thread-4] INFO  Chef                           - [Chef Heston] Got the STOVE! Now grabbing the BLENDER...
11:27:08.099 [pool-3-thread-4] INFO  Chef                           - [Chef Heston] Got the BLENDER! Cooking Pad Thai now!
11:27:08.099 [pool-3-thread-3] INFO  Chef                           - [Chef Marco] Walking towards the STOVE first (safe protocol)...
11:27:08.226 [pool-3-thread-4] INFO  Chef                           - [Chef Heston] Ding ding! Pad Thai is READY! (Orders served today: 4)
11:27:08.226 [pool-3-thread-4] INFO  Chef                           - [Chef Heston] Released STOVE and BLENDER. Ready for next order!
11:27:08.226 [pool-3-thread-1] INFO  Chef                           - [Chef Gordon] Got the STOVE! Now grabbing the BLENDER...
11:27:08.226 [pool-3-thread-4] INFO  Chef                           - [Chef Heston] New order received: Caesar Salad. Heading to the kitchen...
11:27:08.226 [pool-3-thread-1] INFO  Chef                           - [Chef Gordon] Got the BLENDER! Cooking Caesar Salad now!
11:27:08.226 [pool-3-thread-4] INFO  Chef                           - [Chef Heston] Walking towards the STOVE first (safe protocol)...
11:27:08.353 [pool-3-thread-1] INFO  Chef                           - [Chef Gordon] Ding ding! Caesar Salad is READY! (Orders served today: 5)
11:27:08.353 [pool-3-thread-1] INFO  Chef                           - [Chef Gordon] Released STOVE and BLENDER. Ready for next order!
11:27:08.354 [pool-3-thread-2] INFO  Chef                           - [Chef Julia] Got the STOVE! Now grabbing the BLENDER...
11:27:08.354 [pool-3-thread-1] INFO  Chef                           - [Chef Gordon] New order received: Tomato Basil Soup. Heading to the kitchen...
11:27:08.354 [pool-3-thread-2] INFO  Chef                           - [Chef Julia] Got the BLENDER! Cooking Chocolate Lava Cake now!
11:27:08.354 [pool-3-thread-1] INFO  Chef                           - [Chef Gordon] Walking towards the STOVE first (safe protocol)...
11:27:08.417 [pool-3-thread-4] INFO  Chef                           - [Chef Heston] Clocking out for the day. Goodbye!
11:27:08.417 [pool-3-thread-1] INFO  Chef                           - [Chef Gordon] Clocking out for the day. Goodbye!
11:27:08.417 [pool-3-thread-2] INFO  Chef                           - [Chef Julia] Released STOVE and BLENDER. Ready for next order!
11:27:08.417 [pool-3-thread-3] INFO  Chef                           - [Chef Marco] Clocking out for the day. Goodbye!
11:27:08.417 [pool-3-thread-2] INFO  Chef                           - [Chef Julia] Clocking out for the day. Goodbye!
11:27:08.417 [Test worker    ] INFO  KitchenSimulator               - ========================================
11:27:08.417 [Test worker    ] INFO  KitchenSimulator               -   KITCHEN CLOSED
11:27:08.417 [Test worker    ] INFO  KitchenSimulator               -   Total orders served : 5
11:27:08.417 [Test worker    ] INFO  KitchenSimulator               - ========================================
]]></system-out>
  <system-err><![CDATA[]]></system-err>
</testsuite>
