<?xml version="1.0" encoding="UTF-8"?>
<testsuite name="com.restaurant.kitchen.KitchenSimulatorTest" tests="2" skipped="0" failures="0" errors="0" timestamp="2026-02-10T05:46:36" hostname="LN4DBN0D9DA846" time="3.514">
  <properties/>
  <testcase name="deadlockMode_canDeadlock" classname="com.restaurant.kitchen.KitchenSimulatorTest" time="2.782"/>
  <testcase name="safeMode_completesOrders" classname="com.restaurant.kitchen.KitchenSimulatorTest" time="0.731"/>
  <system-out><![CDATA[11:16:37.792 [Time-limited test] INFO  KitchenSimulator               - ========================================
11:16:37.814 [Time-limited test] INFO  KitchenSimulator               -   RESTAURANT KITCHEN SIMULATOR
11:16:37.833 [Time-limited test] INFO  KitchenSimulator               -   Mode  : DEADLOCK
11:16:37.833 [Time-limited test] INFO  KitchenSimulator               -   Chefs : 2
11:16:37.833 [Time-limited test] INFO  KitchenSimulator               - ========================================
11:16:37.833 [Time-limited test] INFO  KitchenSimulator               - WARNING: Deadlock mode enabled!
11:16:37.833 [Time-limited test] INFO  KitchenSimulator               -   -> Even chefs grab STOVE first, then BLENDER
11:16:37.833 [Time-limited test] INFO  KitchenSimulator               -   -> Odd chefs grab BLENDER first, then STOVE
11:16:37.833 [Time-limited test] INFO  KitchenSimulator               -   -> This WILL cause a deadlock!
11:16:37.833 [Time-limited test] INFO  KitchenSimulator               - ========================================
11:16:37.833 [Time-limited test] INFO  KitchenSimulator               -   Opening the kitchen doors...
11:16:37.845 [Time-limited test] INFO  KitchenSimulator               - ========================================
11:16:37.852 [Time-limited test] INFO  KitchenSimulator               - Kitchen is OPEN! 2 chefs are cooking!
11:16:37.852 [pool-2-thread-1] INFO  Chef                           - [Chef Gordon] Reporting for duty! Ready to cook.
11:16:37.855 [pool-2-thread-2] INFO  Chef                           - [Chef Julia] Reporting for duty! Ready to cook.
11:16:37.855 [pool-2-thread-2] INFO  Chef                           - [Chef Julia] New order received: Pad Thai. Heading to the kitchen...
11:16:37.856 [pool-2-thread-2] INFO  Chef                           - [Chef Julia] Walking towards the BLENDER to prep Pad Thai...
11:16:37.856 [pool-2-thread-2] INFO  Chef                           - [Chef Julia] Got the BLENDER! Now I need the STOVE for Pad Thai...
11:16:37.856 [pool-2-thread-2] INFO  Chef                           - [Chef Julia] Got the STOVE too! Making Pad Thai now!
11:16:37.855 [pool-2-thread-1] INFO  Chef                           - [Chef Gordon] New order received: Pad Thai. Heading to the kitchen...
11:16:37.857 [pool-2-thread-1] INFO  Chef                           - [Chef Gordon] Walking towards the STOVE to start cooking Pad Thai...
11:16:37.971 [pool-2-thread-2] INFO  Chef                           - [Chef Julia] Ding ding! Pad Thai is READY! (Orders served today: 1)
11:16:37.972 [pool-2-thread-2] INFO  Chef                           - [Chef Julia] Released STOVE and BLENDER. Ready for next order!
11:16:37.972 [pool-2-thread-1] INFO  Chef                           - [Chef Gordon] Got the STOVE! Now I need the BLENDER for Pad Thai...
11:16:37.972 [pool-2-thread-1] INFO  Chef                           - [Chef Gordon] Got the BLENDER too! Making Pad Thai now!
11:16:37.972 [pool-2-thread-2] INFO  Chef                           - [Chef Julia] New order received: Caesar Salad. Heading to the kitchen...
11:16:37.974 [pool-2-thread-2] INFO  Chef                           - [Chef Julia] Walking towards the BLENDER to prep Caesar Salad...
11:16:38.101 [pool-2-thread-1] INFO  Chef                           - [Chef Gordon] Ding ding! Pad Thai is READY! (Orders served today: 2)
11:16:38.101 [pool-2-thread-2] INFO  Chef                           - [Chef Julia] Got the BLENDER! Now I need the STOVE for Caesar Salad...
11:16:38.101 [pool-2-thread-1] INFO  Chef                           - [Chef Gordon] Released STOVE and BLENDER. Ready for next order!
11:16:38.101 [pool-2-thread-2] INFO  Chef                           - [Chef Julia] Got the STOVE too! Making Caesar Salad now!
11:16:38.101 [pool-2-thread-1] INFO  Chef                           - [Chef Gordon] New order received: Caesar Salad. Heading to the kitchen...
11:16:38.101 [pool-2-thread-1] INFO  Chef                           - [Chef Gordon] Walking towards the STOVE to start cooking Caesar Salad...
11:16:38.225 [pool-2-thread-2] INFO  Chef                           - [Chef Julia] Ding ding! Caesar Salad is READY! (Orders served today: 3)
11:16:38.228 [pool-2-thread-2] INFO  Chef                           - [Chef Julia] Released STOVE and BLENDER. Ready for next order!
11:16:38.228 [pool-2-thread-1] INFO  Chef                           - [Chef Gordon] Got the STOVE! Now I need the BLENDER for Caesar Salad...
11:16:38.228 [pool-2-thread-2] INFO  Chef                           - [Chef Julia] New order received: Spaghetti Carbonara. Heading to the kitchen...
11:16:38.228 [pool-2-thread-1] INFO  Chef                           - [Chef Gordon] Got the BLENDER too! Making Caesar Salad now!
11:16:38.228 [pool-2-thread-2] INFO  Chef                           - [Chef Julia] Walking towards the BLENDER to prep Spaghetti Carbonara...
11:16:38.345 [pool-2-thread-1] INFO  Chef                           - [Chef Gordon] Ding ding! Caesar Salad is READY! (Orders served today: 4)
11:16:38.351 [pool-2-thread-1] INFO  Chef                           - [Chef Gordon] Released STOVE and BLENDER. Ready for next order!
11:16:38.351 [pool-2-thread-2] INFO  Chef                           - [Chef Julia] Got the BLENDER! Now I need the STOVE for Spaghetti Carbonara...
11:16:38.353 [pool-2-thread-1] INFO  Chef                           - [Chef Gordon] New order received: Beef Wellington. Heading to the kitchen...
11:16:38.353 [pool-2-thread-2] INFO  Chef                           - [Chef Julia] Got the STOVE too! Making Spaghetti Carbonara now!
11:16:38.353 [pool-2-thread-1] INFO  Chef                           - [Chef Gordon] Walking towards the STOVE to start cooking Beef Wellington...
11:16:38.474 [pool-2-thread-2] INFO  Chef                           - [Chef Julia] Ding ding! Spaghetti Carbonara is READY! (Orders served today: 5)
11:16:38.474 [pool-2-thread-2] INFO  Chef                           - [Chef Julia] Released STOVE and BLENDER. Ready for next order!
11:16:38.474 [pool-2-thread-1] INFO  Chef                           - [Chef Gordon] Got the STOVE! Now I need the BLENDER for Beef Wellington...
11:16:38.474 [pool-2-thread-1] INFO  Chef                           - [Chef Gordon] Got the BLENDER too! Making Beef Wellington now!
11:16:38.474 [pool-2-thread-2] INFO  Chef                           - [Chef Julia] New order received: Chocolate Lava Cake. Heading to the kitchen...
11:16:38.474 [pool-2-thread-2] INFO  Chef                           - [Chef Julia] Walking towards the BLENDER to prep Chocolate Lava Cake...
11:16:38.602 [pool-2-thread-1] INFO  Chef                           - [Chef Gordon] Ding ding! Beef Wellington is READY! (Orders served today: 6)
11:16:38.602 [pool-2-thread-1] INFO  Chef                           - [Chef Gordon] Released STOVE and BLENDER. Ready for next order!
11:16:38.602 [pool-2-thread-2] INFO  Chef                           - [Chef Julia] Got the BLENDER! Now I need the STOVE for Chocolate Lava Cake...
11:16:38.602 [pool-2-thread-1] INFO  Chef                           - [Chef Gordon] New order received: Chocolate Lava Cake. Heading to the kitchen...
11:16:38.602 [pool-2-thread-2] INFO  Chef                           - [Chef Julia] Got the STOVE too! Making Chocolate Lava Cake now!
11:16:38.602 [pool-2-thread-1] INFO  Chef                           - [Chef Gordon] Walking towards the STOVE to start cooking Chocolate Lava Cake...
11:16:38.730 [pool-2-thread-2] INFO  Chef                           - [Chef Julia] Ding ding! Chocolate Lava Cake is READY! (Orders served today: 7)
11:16:38.733 [pool-2-thread-1] INFO  Chef                           - [Chef Gordon] Got the STOVE! Now I need the BLENDER for Chocolate Lava Cake...
11:16:38.733 [pool-2-thread-2] INFO  Chef                           - [Chef Julia] Released STOVE and BLENDER. Ready for next order!
11:16:38.733 [pool-2-thread-1] INFO  Chef                           - [Chef Gordon] Got the BLENDER too! Making Chocolate Lava Cake now!
11:16:38.733 [pool-2-thread-2] INFO  Chef                           - [Chef Julia] New order received: Grilled Salmon. Heading to the kitchen...
11:16:38.733 [pool-2-thread-2] INFO  Chef                           - [Chef Julia] Walking towards the BLENDER to prep Grilled Salmon...
11:16:38.847 [pool-2-thread-1] INFO  Chef                           - [Chef Gordon] Ding ding! Chocolate Lava Cake is READY! (Orders served today: 8)
11:16:38.847 [pool-2-thread-1] INFO  Chef                           - [Chef Gordon] Released STOVE and BLENDER. Ready for next order!
11:16:38.847 [pool-2-thread-2] INFO  Chef                           - [Chef Julia] Got the BLENDER! Now I need the STOVE for Grilled Salmon...
11:16:38.847 [pool-2-thread-1] INFO  Chef                           - [Chef Gordon] New order received: Tomato Basil Soup. Heading to the kitchen...
11:16:38.847 [pool-2-thread-2] INFO  Chef                           - [Chef Julia] Got the STOVE too! Making Grilled Salmon now!
11:16:38.847 [pool-2-thread-1] INFO  Chef                           - [Chef Gordon] Walking towards the STOVE to start cooking Tomato Basil Soup...
11:16:38.879 [pool-2-thread-2] INFO  Chef                           - [Chef Julia] Released STOVE and BLENDER. Ready for next order!
11:16:38.879 [pool-2-thread-1] INFO  Chef                           - [Chef Gordon] Clocking out for the day. Goodbye!
11:16:38.879 [pool-2-thread-2] INFO  Chef                           - [Chef Julia] Clocking out for the day. Goodbye!
11:16:38.879 [Test worker    ] INFO  KitchenSimulator               - ========================================
11:16:38.879 [Test worker    ] INFO  KitchenSimulator               -   KITCHEN CLOSED
11:16:38.879 [Test worker    ] INFO  KitchenSimulator               -   Total orders served : 8
11:16:38.879 [Test worker    ] INFO  KitchenSimulator               - ========================================
11:16:38.899 [Time-limited test] INFO  KitchenSimulator               - ========================================
11:16:38.899 [Time-limited test] INFO  KitchenSimulator               -   RESTAURANT KITCHEN SIMULATOR
11:16:38.899 [Time-limited test] INFO  KitchenSimulator               -   Mode  : SAFE
11:16:38.899 [Time-limited test] INFO  KitchenSimulator               -   Chefs : 2
11:16:38.899 [Time-limited test] INFO  KitchenSimulator               - ========================================
11:16:38.899 [Time-limited test] INFO  KitchenSimulator               - Safe mode enabled.
11:16:38.899 [Time-limited test] INFO  KitchenSimulator               -   -> All chefs follow the same lock order: STOVE -> BLENDER
11:16:38.899 [Time-limited test] INFO  KitchenSimulator               -   -> No deadlock possible.
11:16:38.899 [Time-limited test] INFO  KitchenSimulator               - ========================================
11:16:38.899 [Time-limited test] INFO  KitchenSimulator               -   Opening the kitchen doors...
11:16:38.899 [Time-limited test] INFO  KitchenSimulator               - ========================================
11:16:38.899 [Time-limited test] INFO  KitchenSimulator               - Kitchen is OPEN! 2 chefs are cooking!
11:16:38.899 [pool-3-thread-1] INFO  Chef                           - [Chef Gordon] Reporting for duty! Ready to cook.
11:16:38.899 [pool-3-thread-2] INFO  Chef                           - [Chef Julia] Reporting for duty! Ready to cook.
11:16:38.899 [pool-3-thread-1] INFO  Chef                           - [Chef Gordon] New order received: Tomato Basil Soup. Heading to the kitchen...
11:16:38.899 [pool-3-thread-2] INFO  Chef                           - [Chef Julia] New order received: Chocolate Lava Cake. Heading to the kitchen...
11:16:38.899 [pool-3-thread-1] INFO  Chef                           - [Chef Gordon] Walking towards the STOVE first (safe protocol)...
11:16:38.899 [pool-3-thread-2] INFO  Chef                           - [Chef Julia] Walking towards the STOVE first (safe protocol)...
11:16:38.899 [pool-3-thread-1] INFO  Chef                           - [Chef Gordon] Got the STOVE! Now grabbing the BLENDER...
11:16:38.899 [pool-3-thread-1] INFO  Chef                           - [Chef Gordon] Got the BLENDER! Cooking Tomato Basil Soup now!
11:16:39.030 [pool-3-thread-1] INFO  Chef                           - [Chef Gordon] Ding ding! Tomato Basil Soup is READY! (Orders served today: 1)
11:16:39.030 [pool-3-thread-1] INFO  Chef                           - [Chef Gordon] Released STOVE and BLENDER. Ready for next order!
11:16:39.030 [pool-3-thread-2] INFO  Chef                           - [Chef Julia] Got the STOVE! Now grabbing the BLENDER...
11:16:39.030 [pool-3-thread-2] INFO  Chef                           - [Chef Julia] Got the BLENDER! Cooking Chocolate Lava Cake now!
11:16:39.030 [pool-3-thread-1] INFO  Chef                           - [Chef Gordon] New order received: Spaghetti Carbonara. Heading to the kitchen...
11:16:39.030 [pool-3-thread-1] INFO  Chef                           - [Chef Gordon] Walking towards the STOVE first (safe protocol)...
11:16:39.157 [pool-3-thread-2] INFO  Chef                           - [Chef Julia] Ding ding! Chocolate Lava Cake is READY! (Orders served today: 2)
11:16:39.157 [pool-3-thread-2] INFO  Chef                           - [Chef Julia] Released STOVE and BLENDER. Ready for next order!
11:16:39.157 [pool-3-thread-1] INFO  Chef                           - [Chef Gordon] Got the STOVE! Now grabbing the BLENDER...
11:16:39.158 [pool-3-thread-2] INFO  Chef                           - [Chef Julia] New order received: Mushroom Risotto. Heading to the kitchen...
11:16:39.158 [pool-3-thread-1] INFO  Chef                           - [Chef Gordon] Got the BLENDER! Cooking Spaghetti Carbonara now!
11:16:39.158 [pool-3-thread-2] INFO  Chef                           - [Chef Julia] Walking towards the STOVE first (safe protocol)...
11:16:39.276 [pool-3-thread-1] INFO  Chef                           - [Chef Gordon] Ding ding! Spaghetti Carbonara is READY! (Orders served today: 3)
11:16:39.277 [pool-3-thread-1] INFO  Chef                           - [Chef Gordon] Released STOVE and BLENDER. Ready for next order!
11:16:39.277 [pool-3-thread-2] INFO  Chef                           - [Chef Julia] Got the STOVE! Now grabbing the BLENDER...
11:16:39.277 [pool-3-thread-1] INFO  Chef                           - [Chef Gordon] New order received: Caesar Salad. Heading to the kitchen...
11:16:39.277 [pool-3-thread-2] INFO  Chef                           - [Chef Julia] Got the BLENDER! Cooking Mushroom Risotto now!
11:16:39.277 [pool-3-thread-1] INFO  Chef                           - [Chef Gordon] Walking towards the STOVE first (safe protocol)...
11:16:39.391 [pool-3-thread-2] INFO  Chef                           - [Chef Julia] Ding ding! Mushroom Risotto is READY! (Orders served today: 4)
11:16:39.391 [pool-3-thread-2] INFO  Chef                           - [Chef Julia] Released STOVE and BLENDER. Ready for next order!
11:16:39.391 [pool-3-thread-1] INFO  Chef                           - [Chef Gordon] Got the STOVE! Now grabbing the BLENDER...
11:16:39.391 [pool-3-thread-1] INFO  Chef                           - [Chef Gordon] Got the BLENDER! Cooking Caesar Salad now!
11:16:39.391 [pool-3-thread-2] INFO  Chef                           - [Chef Julia] New order received: Beef Wellington. Heading to the kitchen...
11:16:39.391 [pool-3-thread-2] INFO  Chef                           - [Chef Julia] Walking towards the STOVE first (safe protocol)...
11:16:39.518 [pool-3-thread-1] INFO  Chef                           - [Chef Gordon] Ding ding! Caesar Salad is READY! (Orders served today: 5)
11:16:39.519 [pool-3-thread-1] INFO  Chef                           - [Chef Gordon] Released STOVE and BLENDER. Ready for next order!
11:16:39.519 [pool-3-thread-2] INFO  Chef                           - [Chef Julia] Got the STOVE! Now grabbing the BLENDER...
11:16:39.519 [pool-3-thread-1] INFO  Chef                           - [Chef Gordon] New order received: Tomato Basil Soup. Heading to the kitchen...
11:16:39.519 [pool-3-thread-2] INFO  Chef                           - [Chef Julia] Got the BLENDER! Cooking Beef Wellington now!
11:16:39.519 [pool-3-thread-1] INFO  Chef                           - [Chef Gordon] Walking towards the STOVE first (safe protocol)...
11:16:39.623 [pool-3-thread-1] INFO  Chef                           - [Chef Gordon] Clocking out for the day. Goodbye!
11:16:39.623 [pool-3-thread-2] INFO  Chef                           - [Chef Julia] Released STOVE and BLENDER. Ready for next order!
11:16:39.625 [pool-3-thread-2] INFO  Chef                           - [Chef Julia] Clocking out for the day. Goodbye!
11:16:39.625 [Test worker    ] INFO  KitchenSimulator               - ========================================
11:16:39.625 [Test worker    ] INFO  KitchenSimulator               -   KITCHEN CLOSED
11:16:39.625 [Test worker    ] INFO  KitchenSimulator               -   Total orders served : 5
11:16:39.625 [Test worker    ] INFO  KitchenSimulator               - ========================================
]]></system-out>
  <system-err><![CDATA[]]></system-err>
</testsuite>
