<?xml version="1.0" encoding="UTF-8"?>
<testsuite name="com.restaurant.kitchen.KitchenSimulatorTest" tests="2" skipped="0" failures="0" errors="0" timestamp="2026-02-10T09:37:39" hostname="LN4DBN0D9DA846" time="2.781">
  <properties/>
  <testcase name="deadlockMode_canDeadlock()" classname="com.restaurant.kitchen.KitchenSimulatorTest" time="2.068"/>
  <testcase name="safeMode_completesOrders()" classname="com.restaurant.kitchen.KitchenSimulatorTest" time="0.71"/>
  <system-out><![CDATA[15:07:40.162 [Test worker    ] INFO  KitchenSimulator               - Using virtual threads
15:07:40.194 [Test worker    ] INFO  KitchenSimulator               - ========================================
  RESTAURANT KITCHEN SIMULATOR
  Mode  : DEADLOCK
  Chefs : 2
========================================
15:07:40.194 [Test worker    ] INFO  KitchenSimulator               - WARNING: Deadlock mode enabled!
-> Even chefs grab STOVE first, then BLENDER
-> Odd chefs grab BLENDER first, then STOVE
-> This WILL cause a deadlock!
15:07:40.194 [Test worker    ] INFO  KitchenSimulator               -  ========================================");
 Opening the kitchen doors...
========================================
15:07:40.202 [Test worker    ] INFO  KitchenSimulator               - Kitchen is OPEN! 2 chefs are cooking!
15:07:40.202 [               ] INFO  Chef                           - [Chef Gordon] Reporting for duty! Ready to cook. Virtual thread:true
15:07:40.202 [               ] INFO  Chef                           - [Chef Gordon] New order received: Chocolate Lava Cake. Heading to the kitchen...
15:07:40.202 [               ] INFO  Chef                           - [Chef Julia] Reporting for duty! Ready to cook. Virtual thread:true
15:07:40.202 [               ] INFO  Chef                           - [Chef Julia] New order received: Grilled Salmon. Heading to the kitchen...
15:07:40.214 [               ] INFO  Chef                           - [Chef Gordon] Walking towards the STOVE to start cooking Chocolate Lava Cake...
15:07:40.214 [               ] INFO  Chef                           - [Chef Julia] Walking towards the BLENDER to prep Grilled Salmon...
15:07:40.215 [               ] INFO  Chef                           - [Chef Julia] Got the BLENDER! Now I need the STOVE for Grilled Salmon...
15:07:40.215 [               ] INFO  Chef                           - [Chef Gordon] Got the STOVE! Now I need the BLENDER for Chocolate Lava Cake...
15:07:41.225 [               ] INFO  Chef                           - [Chef Julia] Released STOVE and BLENDER. Ready for next order!
15:07:41.225 [               ] INFO  Chef                           - [Chef Gordon] Released STOVE and BLENDER. Ready for next order!
15:07:41.229 [               ] INFO  Chef                           - [Chef Julia] Clocking out for the day. Goodbye!
15:07:41.229 [               ] INFO  Chef                           - [Chef Gordon] Clocking out for the day. Goodbye!
15:07:41.230 [Test worker    ] INFO  KitchenSimulator               -     ========================================
    KITCHEN CLOSED
    Total orders served : 0
========================================
15:07:41.246 [Test worker    ] INFO  KitchenSimulator               - Using virtual threads
15:07:41.246 [Test worker    ] INFO  KitchenSimulator               - ========================================
  RESTAURANT KITCHEN SIMULATOR
  Mode  : SAFE
  Chefs : 2
========================================
15:07:41.246 [Test worker    ] INFO  KitchenSimulator               - Safe mode enabled.
-> All chefs follow the same lock order: STOVE -> BLENDER");
-> No deadlock possible.
15:07:41.246 [Test worker    ] INFO  KitchenSimulator               -  ========================================");
 Opening the kitchen doors...
========================================
15:07:41.246 [Test worker    ] INFO  KitchenSimulator               - Kitchen is OPEN! 2 chefs are cooking!
15:07:41.246 [               ] INFO  Chef                           - [Chef Julia] Reporting for duty! Ready to cook. Virtual thread:true
15:07:41.246 [               ] INFO  Chef                           - [Chef Gordon] Reporting for duty! Ready to cook. Virtual thread:true
15:07:41.257 [               ] INFO  Chef                           - [Chef Julia] New order received: Caesar Salad. Heading to the kitchen...
15:07:41.258 [               ] INFO  Chef                           - [Chef Gordon] New order received: Grilled Salmon. Heading to the kitchen...
15:07:41.258 [               ] INFO  Chef                           - [Chef Julia] Walking towards the STOVE first (safe protocol)...
15:07:41.258 [               ] INFO  Chef                           - [Chef Gordon] Walking towards the STOVE first (safe protocol)...
15:07:41.258 [               ] INFO  Chef                           - [Chef Julia] Got the STOVE! Now grabbing the BLENDER...
15:07:41.259 [               ] INFO  Chef                           - [Chef Julia] Got the BLENDER! Cooking Caesar Salad now!
15:07:41.388 [               ] INFO  Chef                           - [Chef Julia] Ding ding! Caesar Salad is READY! (Orders served today: 1)
15:07:41.389 [               ] INFO  Chef                           - [Chef Julia] Released STOVE and BLENDER. Ready for next order!
15:07:41.389 [               ] INFO  Chef                           - [Chef Gordon] Got the STOVE! Now grabbing the BLENDER...
15:07:41.389 [               ] INFO  Chef                           - [Chef Julia] New order received: Grilled Salmon. Heading to the kitchen...
15:07:41.389 [               ] INFO  Chef                           - [Chef Gordon] Got the BLENDER! Cooking Grilled Salmon now!
15:07:41.389 [               ] INFO  Chef                           - [Chef Julia] Walking towards the STOVE first (safe protocol)...
15:07:41.515 [               ] INFO  Chef                           - [Chef Gordon] Ding ding! Grilled Salmon is READY! (Orders served today: 2)
15:07:41.515 [               ] INFO  Chef                           - [Chef Gordon] Released STOVE and BLENDER. Ready for next order!
15:07:41.515 [               ] INFO  Chef                           - [Chef Julia] Got the STOVE! Now grabbing the BLENDER...
15:07:41.517 [               ] INFO  Chef                           - [Chef Gordon] New order received: Chocolate Lava Cake. Heading to the kitchen...
15:07:41.517 [               ] INFO  Chef                           - [Chef Julia] Got the BLENDER! Cooking Grilled Salmon now!
15:07:41.517 [               ] INFO  Chef                           - [Chef Gordon] Walking towards the STOVE first (safe protocol)...
15:07:41.646 [               ] INFO  Chef                           - [Chef Julia] Ding ding! Grilled Salmon is READY! (Orders served today: 3)
15:07:41.646 [               ] INFO  Chef                           - [Chef Julia] Released STOVE and BLENDER. Ready for next order!
15:07:41.646 [               ] INFO  Chef                           - [Chef Gordon] Got the STOVE! Now grabbing the BLENDER...
15:07:41.646 [               ] INFO  Chef                           - [Chef Julia] New order received: Beef Wellington. Heading to the kitchen...
15:07:41.646 [               ] INFO  Chef                           - [Chef Gordon] Got the BLENDER! Cooking Chocolate Lava Cake now!
15:07:41.646 [               ] INFO  Chef                           - [Chef Julia] Walking towards the STOVE first (safe protocol)...
15:07:41.774 [               ] INFO  Chef                           - [Chef Gordon] Ding ding! Chocolate Lava Cake is READY! (Orders served today: 4)
15:07:41.774 [               ] INFO  Chef                           - [Chef Gordon] Released STOVE and BLENDER. Ready for next order!
15:07:41.774 [               ] INFO  Chef                           - [Chef Gordon] New order received: Grilled Salmon. Heading to the kitchen...
15:07:41.774 [               ] INFO  Chef                           - [Chef Julia] Got the STOVE! Now grabbing the BLENDER...
15:07:41.774 [               ] INFO  Chef                           - [Chef Gordon] Walking towards the STOVE first (safe protocol)...
15:07:41.775 [               ] INFO  Chef                           - [Chef Julia] Got the BLENDER! Cooking Beef Wellington now!
15:07:41.890 [               ] INFO  Chef                           - [Chef Julia] Ding ding! Beef Wellington is READY! (Orders served today: 5)
15:07:41.891 [               ] INFO  Chef                           - [Chef Julia] Released STOVE and BLENDER. Ready for next order!
15:07:41.891 [               ] INFO  Chef                           - [Chef Julia] New order received: Chocolate Lava Cake. Heading to the kitchen...
15:07:41.891 [               ] INFO  Chef                           - [Chef Gordon] Got the STOVE! Now grabbing the BLENDER...
15:07:41.891 [               ] INFO  Chef                           - [Chef Julia] Walking towards the STOVE first (safe protocol)...
15:07:41.892 [               ] INFO  Chef                           - [Chef Gordon] Got the BLENDER! Cooking Grilled Salmon now!
15:07:41.958 [               ] INFO  Chef                           - [Chef Julia] Clocking out for the day. Goodbye!
15:07:41.958 [               ] INFO  Chef                           - [Chef Gordon] Released STOVE and BLENDER. Ready for next order!
15:07:41.962 [               ] INFO  Chef                           - [Chef Gordon] Clocking out for the day. Goodbye!
15:07:41.962 [Test worker    ] INFO  KitchenSimulator               -     ========================================
    KITCHEN CLOSED
    Total orders served : 5
========================================
]]></system-out>
  <system-err><![CDATA[]]></system-err>
</testsuite>
